2D Greenland Ice Sheet Model
Simulation path: global-warming/idealized-scenario
2024-06-08 02:25:29.386468

MODEL PARAMETERS:
> dimensions = 41, 70 (x, y)
> dx, dy = 40.0, 40.0 km
> dt = 2 yr
> nt = 1000

SURFACE MASS BALANCE:
> pdd factor = 5.0
Temperature [°C]
> initial value = 7.0
> weather scaling = 3.5
> lapse rate = 0.65
> latitudinal difference = 15.0
> seasonal difference = 20.0
Precipitation [mm/day]
> initial value = 7.0
> latitudinal difference = 6.0
> distance weight = 0.1

Model results saved!

runtime = 0:05:18.769226

