2D Greenland Ice Sheet Model
Simulation path: climate-anomalies/glacial-climate
2024-06-06 03:29:37.673522

MODEL PARAMETERS:
> dimensions = 41, 70 (x, y)
> dx, dy = 40.0, 40.0 km
> dt = 2 yr
> nt = 25000

SURFACE MASS BALANCE:
Temperature [°C]
> initial value = -10.0
> weather scaling = 3.5
> lapse rate = 0.65
> latitudinal difference = 15.0
> seasonal difference = 20.0
Precipitation [mm/day]
> initial value = 3.0
> latitudinal difference = 2.5
> distance weight = 0.1

Model results saved!

runtime = 2:53:05.697232

