2D Greenland Ice Sheet Model
Simulation path: climate-anomalies/warm-climate
2024-06-06 20:15:51.885334

MODEL PARAMETERS:
> dimensions = 41, 70 (x, y)
> dx, dy = 40.0, 40.0 km
> dt = 2 yr
> nt = 25000

SURFACE MASS BALANCE:
> pdd factor = 5.0
Temperature [°C]
> initial value = 15.0
> weather scaling = 3.5
> lapse rate = 0.65
> latitudinal difference = 15.0
> seasonal difference = 20.0
Precipitation [mm/day]
> initial value = 11.0
> latitudinal difference = 9.35
> distance weight = 0.1

Model results saved!

runtime = 2:49:22.171462

